<?xml version="1.0" encoding="UTF-8"?>
<testng-results skipped="0" failed="1" ignored="0" total="1" passed="0">
  <reporter-output>
  </reporter-output>
  <suite name="Default suite" duration-ms="24877" started-at="2018-09-27T06:59:33Z" finished-at="2018-09-27T06:59:58Z">
    <groups>
      <group name="cucumber">
        <method signature="AbstractTestNGCucumberTests.feature(cucumber.api.testng.CucumberFeatureWrapper)[pri:0, instance:runnerFiles.TestRunner@245b4bdc]" name="feature" class="cucumber.api.testng.AbstractTestNGCucumberTests"/>
      </group> <!-- cucumber -->
    </groups>
    <test name="Default test" duration-ms="24877" started-at="2018-09-27T06:59:33Z" finished-at="2018-09-27T06:59:58Z">
      <class name="runnerFiles.TestRunner">
        <test-method status="PASS" signature="setUpClass()[pri:0, instance:runnerFiles.TestRunner@245b4bdc]" name="setUpClass" is-config="true" duration-ms="171" started-at="2018-09-27T06:59:33Z" finished-at="2018-09-27T06:59:33Z">
          <reporter-output>
          </reporter-output>
        </test-method> <!-- setUpClass -->
        <test-method status="FAIL" signature="feature(cucumber.api.testng.CucumberFeatureWrapper)[pri:0, instance:runnerFiles.TestRunner@245b4bdc]" name="feature" duration-ms="24607" started-at="2018-09-27T06:59:33Z" description="Runs Cucumber Feature" data-provider="features" finished-at="2018-09-27T06:59:58Z">
          <params>
            <param index="0">
              <value>
                <![CDATA[Title of your feature]]>
              </value>
            </param>
          </params>
          <exception class="cucumber.runtime.CucumberException">
            <message>
              <![CDATA[java.lang.AssertionError: tag is not present data>delLocBidGroup>>delLocBid..deliveryLocation.city null]]>
            </message>
            <full-stacktrace>
              <![CDATA[cucumber.runtime.CucumberException: java.lang.AssertionError: tag is not present data>delLocBidGroup>>delLocBid..deliveryLocation.city null
at cucumber.api.testng.TestNGCucumberRunner.runCucumber(TestNGCucumberRunner.java:69)
at cucumber.api.testng.AbstractTestNGCucumberTests.feature(AbstractTestNGCucumberTests.java:21)
at sun.reflect.NativeMethodAccessorImpl.invoke0(Native Method)
at sun.reflect.NativeMethodAccessorImpl.invoke(NativeMethodAccessorImpl.java:62)
at sun.reflect.DelegatingMethodAccessorImpl.invoke(DelegatingMethodAccessorImpl.java:43)
at java.lang.reflect.Method.invoke(Method.java:498)
at org.testng.internal.MethodInvocationHelper.invokeMethod(MethodInvocationHelper.java:124)
at org.testng.internal.Invoker.invokeMethod(Invoker.java:580)
at org.testng.internal.Invoker.invokeTestMethod(Invoker.java:716)
at org.testng.internal.Invoker.invokeTestMethods(Invoker.java:988)
at org.testng.internal.TestMethodWorker.invokeTestMethods(TestMethodWorker.java:125)
at org.testng.internal.TestMethodWorker.run(TestMethodWorker.java:109)
at org.testng.TestRunner.privateRun(TestRunner.java:648)
at org.testng.TestRunner.run(TestRunner.java:505)
at org.testng.SuiteRunner.runTest(SuiteRunner.java:455)
at org.testng.SuiteRunner.runSequentially(SuiteRunner.java:450)
at org.testng.SuiteRunner.privateRun(SuiteRunner.java:415)
at org.testng.SuiteRunner.run(SuiteRunner.java:364)
at org.testng.SuiteRunnerWorker.runSuite(SuiteRunnerWorker.java:52)
at org.testng.SuiteRunnerWorker.run(SuiteRunnerWorker.java:84)
at org.testng.TestNG.runSuitesSequentially(TestNG.java:1208)
at org.testng.TestNG.runSuitesLocally(TestNG.java:1137)
at org.testng.TestNG.runSuites(TestNG.java:1049)
at org.testng.TestNG.run(TestNG.java:1017)
at org.testng.remote.AbstractRemoteTestNG.run(AbstractRemoteTestNG.java:114)
at org.testng.remote.RemoteTestNG.initAndRun(RemoteTestNG.java:251)
at org.testng.remote.RemoteTestNG.main(RemoteTestNG.java:77)
Caused by: java.lang.AssertionError: tag is not present data>delLocBidGroup>>delLocBid..deliveryLocation.city null
at org.testng.Assert.fail(Assert.java:96)
at utils.JsonReader.storeMultileDatainJon_MultipleArray_MultipleNormal(JsonReader.java:335)
at utils.JsonReader.jsonReaderResponse(JsonReader.java:44)
at stepdefs.API_StepDef.store_the_response_tag_value(API_StepDef.java:39)
at âœ½.When store the response tag value "data>delLocBidGroup>>delLocBid..deliveryLocation.city,data>delLocBidGroup>>delLocBid..deliveryLocation.description,data>delLocBidGroup>>delLocBid..deliveryLocation.locationId,data>delLocBidGroup>>delLocBid..deliveryLocation.state,data>delLocBidGroup>>delLocBid..deliveryLocation.thirdPartyLocationId,data>delLocBidGroup>>delLocBid..pricing.basis,data>delLocBidGroup>>delLocBid..pricing.flatPrice,data>delLocBidGroup>>delLocBid..pricing.futures,data>delLocBidGroup>>delLocBid..pricing.marketQuotePriceId,data>delLocBidGroup>endDate,data>delLocBidGroup>groupLabel,data>delLocBidGroup>startDate"(API.feature:7)
]]>
            </full-stacktrace>
          </exception> <!-- cucumber.runtime.CucumberException -->
          <reporter-output>
          </reporter-output>
        </test-method> <!-- feature -->
        <test-method status="PASS" signature="tearDownClass()[pri:0, instance:runnerFiles.TestRunner@245b4bdc]" name="tearDownClass" is-config="true" duration-ms="8" started-at="2018-09-27T06:59:58Z" finished-at="2018-09-27T06:59:58Z">
          <reporter-output>
          </reporter-output>
        </test-method> <!-- tearDownClass -->
      </class> <!-- runnerFiles.TestRunner -->
    </test> <!-- Default test -->
  </suite> <!-- Default suite -->
</testng-results>
