<?xml version="1.0" encoding="UTF-8"?>
<!-- Generated by org.testng.reporters.JUnitXMLReporter -->
<testsuite hostname="WKMIN2039941.global.publicisgroupe.net" name="Command line test" tests="1" failures="1" timestamp="27 Sep 2018 05:29:16 GMT" time="7.012" errors="0">
  <testcase name="feature" time="6.793" classname="runnerFiles.TestRunner">
    <failure type="cucumber.runtime.CucumberException" message="java.lang.AssertionError: tag is not present  null">
      <![CDATA[cucumber.runtime.CucumberException: java.lang.AssertionError: tag is not present  null
	at cucumber.api.testng.TestNGCucumberRunner.runCucumber(TestNGCucumberRunner.java:69)
	at cucumber.api.testng.AbstractTestNGCucumberTests.feature(AbstractTestNGCucumberTests.java:21)
Caused by: java.lang.AssertionError: tag is not present  null
	at utils.JsonReader.storeJonArrayResponse(JsonReader.java:127)
	at utils.JsonReader.jsonReaderResponse(JsonReader.java:67)
	at stepdefs.API_StepDef.store_the_response_tag_value(API_StepDef.java:39)
	at âœ½.When store the response tag value ""(API.feature:7)
... Removed 34 stack frames]]>
    </failure>
  </testcase> <!-- feature -->
</testsuite> <!-- Command line test -->
